<?xml version="1.0" encoding="UTF-8"?>
<!-- Generated by org.testng.reporters.JUnitReportReporter -->
<testsuite hostname="TABLET-C108GPTC" failures="0" tests="3" name="com.google.QA.Test.SearchFunctionalityTest" time="11.923" errors="0" timestamp="2024-06-01T20:58:34 EDT" skipped="0">
  <testcase classname="com.google.QA.Test.SearchFunctionalityTest" name="positive_Search_Functionality_Test_With_Clicking_Search_Button" time="3.894"/>
  <testcase classname="com.google.QA.Test.SearchFunctionalityTest" name="positive_Search_Functionality_Test_With_Clicking_Search_Button" time="3.969"/>
  <testcase classname="com.google.QA.Test.SearchFunctionalityTest" name="positive_Search_Functionality_Test_With_Clicking_Search_Button" time="4.060"/>
</testsuite> <!-- com.google.QA.Test.SearchFunctionalityTest -->
